GETUP ROBERT @ 28/06/01 14:54:27

D:\update\3D
D:\update\BFIELDS
D:\update\ENGLISH
D:\update\FILES
D:\update\FRENCH
D:\update\GERMAN
D:\update\H
D:\update\HARDWARE
D:\update\ITALIAN
D:\update\LIB3D
D:\update\MAKEFILE
D:\update\MATH
D:\update\MFC
D:\update\MISSMAN
D:\update\MODEL
D:\update\MOVECODE
D:\update\MYCMDS
D:\update\RBUTTON
D:\update\RUSSIAN
D:\update\SPANISH
D:\update\TEST.DSP
D:\update\RCHATTER.FIL
D:\update\THISVER.LOG
D:\update\TEST.NCB
D:\update\PAL.RES
D:\update\ROBERT.RST
D:\update\LINES.TXT
D:\update\POO.TXT
D:\update\SFX8BIT.TXT
D:\update\TOTALS.TXT
D:\update\3D\3DCODE.CPP
D:\update\3D\3DCOM.CPP
D:\update\3D\ANMCNTRL.CPP
D:\update\3D\ANMRADIO.CPP
D:\update\3D\BTREE.CPP
D:\update\3D\COLLIDED.CPP
D:\update\3D\IMAGEMAP.CPP
D:\update\3D\IMPACT.CPP
D:\update\3D\JIMCOL.CPP
D:\update\3D\LANDSCAP.CPP
D:\update\3D\MIGLAND.CPP
D:\update\3D\MONOTXT.CPP
D:\update\3D\OVERLAY.CPP
D:\update\3D\PARTICLE.CPP
D:\update\3D\SHAPES.CPP
D:\update\3D\SMKTRLS.CPP
D:\update\3D\TILEMAKE.CPP
D:\update\3D\TRANSITE.CPP
D:\update\3D\VIEWSEL.CPP
D:\update\3D\WORLD.CPP
D:\update\3D\ROBERT.RST
D:\update\BFIELDS\TANK.CPP
D:\update\ENGLISH\BOB.APS
D:\update\ENGLISH\BOBHELP.CHM
D:\update\ENGLISH\BOB.RC
D:\update\FILES\FILEMAN.CPP
D:\update\FRENCH\OUTH
D:\update\FRENCH\BOB.APS
D:\update\FRENCH\BOBHELP.CHM
D:\update\FRENCH\BOB.RC
D:\update\FRENCH\OUTH\RADTXT.G
D:\update\GERMAN\BOB.APS
D:\update\GERMAN\BOBHELP.CHM
D:\update\GERMAN\BOB.RC
D:\update\H\F_BATTLE.G
D:\update\H\F_SOUNDS.G
D:\update\H\IMAGEMAP.G
D:\update\H\RADIO.G
D:\update\H\RADIOXTR.G
D:\update\H\RADTXT.G
D:\update\H\SOUNDS.G
D:\update\H\000TOOLS.H
D:\update\H\3DCODE.H
D:\update\H\LANDSCAP.H
D:\update\H\SHPINSTR.H
D:\update\H\TRANSITE.H
D:\update\HARDWARE\DIGDRVR.CPP
D:\update\HARDWARE\MESSENGN.CPP
D:\update\HARDWARE\MUSIC.CPP
D:\update\HARDWARE\RCHATTER.CPP
D:\update\HARDWARE\SFONTS.CPP
D:\update\HARDWARE\SOUND.CPP
D:\update\HARDWARE\ROBERT.RST
D:\update\ITALIAN\BOB.RC
D:\update\LIB3D\LIB3D.CPP
D:\update\LIB3D\LIB3D.DSP
D:\update\LIB3D\LIB3D.PLG
D:\update\LIB3D\CARDBASE.TXT
D:\update\MAKEFILE\COCKMAS0.MKE
D:\update\MAKEFILE\COCKMAS1.MKE
D:\update\MAKEFILE\COCKPIT0.MKE
D:\update\MAKEFILE\COCKPIT1.MKE
D:\update\MAKEFILE\COCKPM10.MKE
D:\update\MAKEFILE\COCKPM11.MKE
D:\update\MAKEFILE\COCKPT10.MKE
D:\update\MAKEFILE\COCKPT11.MKE
D:\update\MAKEFILE\IMAGEMA0.MKE
D:\update\MAKEFILE\IMAGEMA1.MKE
D:\update\MAKEFILE\IMGMAP10.MKE
D:\update\MAKEFILE\IMGMAP11.MKE
D:\update\MAKEFILE\MAKECNTR.MKE
D:\update\MAKEFILE\MAKLAND.MKE
D:\update\MAKEFILE\MASKMAP0.MKE
D:\update\MAKEFILE\MASKMAP1.MKE
D:\update\MAKEFILE\MSKMAP10.MKE
D:\update\MAKEFILE\MSKMAP11.MKE
D:\update\MAKEFILE\THETEXT0.MKE
D:\update\MAKEFILE\THETEXT1.MKE
D:\update\MAKEFILE\TXTMAP0.MKE
D:\update\MAKEFILE\TXTMAP1.MKE
D:\update\MATH\MATRIX.CPP
D:\update\MFC\BOB.APS
D:\update\MFC\WAIT.BAT
D:\update\MFC\DAMAGE.CPP
D:\update\MFC\STUB3D.CPP
D:\update\MFC\RESOURCE.H
D:\update\MFC\BOB.NCB
D:\update\MFC\BOB.OPT
D:\update\MFC\BOB.PLG
D:\update\MFC\ROBERT.RST
D:\update\MISSMAN\SAVEGAME.CPP
D:\update\MISSMAN\SQDDIARY.CPP
D:\update\MODEL\ACMMAN.CPP
D:\update\MODEL\INTCOCK.CPP
D:\update\MODEL\MODEL.CPP
D:\update\MODEL\MODINT.CPP
D:\update\MOVECODE\AUTOMOVE.CPP
D:\update\MOVECODE\FLYMODEL.CPP
D:\update\MOVECODE\SAGMOVE.CPP
D:\update\MOVECODE\WPACTION.CPP
D:\update\MOVECODE\ROBERT.RST
D:\update\MYCMDS\MAKEALL.BAT
D:\update\MYCMDS\MAKEMAPS.BAT
D:\update\MYCMDS\MKCNTRS.BAT
D:\update\MYCMDS\ROWANU.DSM
D:\update\MYCMDS\THISVER.LOG
D:\update\RBUTTON\MINFILE.CPP
D:\update\RUSSIAN\OUTH
D:\update\RUSSIAN\BOB.APS
D:\update\RUSSIAN\BOB.RC
D:\update\RUSSIAN\ROBERT.RST
D:\update\RUSSIAN\OUTH\RADTXT.G
D:\update\SPANISH\OUTH
D:\update\SPANISH\BOB.APS
D:\update\SPANISH\BOBHELP.CHM
D:\update\SPANISH\BOB.RC
D:\update\SPANISH\OUTH\RADTXT.G

PROJVER JIM @ 03/07/01 14:57:24


PROJVER RATTUS @ 04/07/01 12:21:47


PROJVER JIM @ 04/07/01 16:21:05

MAKEALL RATTUS @ 18/07/01 11:35:41

PROJVER RATTUS @ 25/09/01 13:35:11


PROJVER RATTUS @ 25/09/01 14:02:53


ZIPPED RATTUS @ 25/09/01 14:07:01
